Using pre-set license
Built from '2021.3/release' branch; Version is '2021.3.17f1 (3e8111cac19d) revision 4096273'; Using compiler version '192829333'; Build Type 'Release'
OS: 'Windows 10  (10.0.19045) 64bit Core' Language: 'en' Physical Memory: 16262 MB
BatchMode: 1, IsHumanControllingUs: 0, StartBugReporterOnCrash: 0, Is64bit: 1, IsPro: 1

COMMAND LINE ARGUMENTS:
C:\Program Files\Unity\Hub\Editor\2021.3.17f1\Editor\Unity.exe
-adb2
-batchMode
-noUpm
-name
AssetImportWorker5
-projectPath
C:/Users/PC/Documents/Video Game Art Design/Scripting 3 Assignments/TD-TDRPG/TD-TPRPG/TD-TDRPG
-logFile
Logs/AssetImportWorker5.log
-srvPort
60237
Successfully changed project path to: C:/Users/PC/Documents/Video Game Art Design/Scripting 3 Assignments/TD-TDRPG/TD-TPRPG/TD-TDRPG
C:/Users/PC/Documents/Video Game Art Design/Scripting 3 Assignments/TD-TDRPG/TD-TPRPG/TD-TDRPG
[UnityMemory] Configuration Parameters - Can be set up in boot.config
    "memorysetup-bucket-allocator-granularity=16"
    "memorysetup-bucket-allocator-bucket-count=8"
    "memorysetup-bucket-allocator-block-size=33554432"
    "memorysetup-bucket-allocator-block-count=8"
    "memorysetup-main-allocator-block-size=16777216"
    "memorysetup-thread-allocator-block-size=16777216"
    "memorysetup-gfx-main-allocator-block-size=16777216"
    "memorysetup-gfx-thread-allocator-block-size=16777216"
    "memorysetup-cache-allocator-block-size=4194304"
    "memorysetup-typetree-allocator-block-size=2097152"
    "memorysetup-profiler-bucket-allocator-granularity=16"
    "memorysetup-profiler-bucket-allocator-bucket-count=8"
    "memorysetup-profiler-bucket-allocator-block-size=33554432"
    "memorysetup-profiler-bucket-allocator-block-count=8"
    "memorysetup-profiler-allocator-block-size=16777216"
    "memorysetup-profiler-editor-allocator-block-size=1048576"
    "memorysetup-temp-allocator-size-main=16777216"
    "memorysetup-job-temp-allocator-block-size=2097152"
    "memorysetup-job-temp-allocator-block-size-background=1048576"
    "memorysetup-job-temp-allocator-reduction-small-platforms=262144"
    "memorysetup-temp-allocator-size-background-worker=32768"
    "memorysetup-temp-allocator-size-job-worker=262144"
    "memorysetup-temp-allocator-size-preload-manager=33554432"
    "memorysetup-temp-allocator-size-nav-mesh-worker=65536"
    "memorysetup-temp-allocator-size-audio-worker=65536"
    "memorysetup-temp-allocator-size-cloud-worker=32768"
    "memorysetup-temp-allocator-size-gi-baking-worker=262144"
    "memorysetup-temp-allocator-size-gfx=262144"
Player connection [8696] Host "[IP] 192.168.2.31 [Port] 0 [Flags] 2 [Guid] 4023864885 [EditorId] 4023864885 [Version] 1048832 [Id] WindowsEditor(7,DESKTOP-96KGGT7) [Debug] 1 [PackageName] WindowsEditor [ProjectName] Editor" joined multi-casting on [225.0.0.222:54997]...

Player connection [8696] Host "[IP] 192.168.2.31 [Port] 0 [Flags] 2 [Guid] 4023864885 [EditorId] 4023864885 [Version] 1048832 [Id] WindowsEditor(7,DESKTOP-96KGGT7) [Debug] 1 [PackageName] WindowsEditor [ProjectName] Editor" joined alternative multi-casting on [225.0.0.222:34997]...

Refreshing native plugins compatible for Editor in 220.39 ms, found 4 plugins.
Preloading 0 native plugins for Editor in 0.00 ms.
Initialize engine version: 2021.3.17f1 (3e8111cac19d)
[Subsystems] Discovering subsystems at path C:/Program Files/Unity/Hub/Editor/2021.3.17f1/Editor/Data/Resources/UnitySubsystems
[Subsystems] Discovering subsystems at path C:/Users/PC/Documents/Video Game Art Design/Scripting 3 Assignments/TD-TDRPG/TD-TPRPG/TD-TDRPG/Assets
GfxDevice: creating device client; threaded=0; jobified=0
Direct3D:
    Version:  Direct3D 11.0 [level 11.0]
    Renderer: NVIDIA GeForce GTX 960M (ID=0x139b)
    Vendor:   NVIDIA
    VRAM:     2010 MB
    Driver:   30.0.14.7196
Initialize mono
Mono path[0] = 'C:/Program Files/Unity/Hub/Editor/2021.3.17f1/Editor/Data/Managed'
Mono path[1] = 'C:/Program Files/Unity/Hub/Editor/2021.3.17f1/Editor/Data/MonoBleedingEdge/lib/mono/unityjit-win32'
Mono config path = 'C:/Program Files/Unity/Hub/Editor/2021.3.17f1/Editor/Data/MonoBleedingEdge/etc'
Using monoOptions --debugger-agent=transport=dt_socket,embedding=1,server=y,suspend=n,address=127.0.0.1:56940
Begin MonoManager ReloadAssembly
Registering precompiled unity dll's ...
Register platform support module: C:/Program Files/Unity/Hub/Editor/2021.3.17f1/Editor/Data/PlaybackEngines/WindowsStandaloneSupport/UnityEditor.WindowsStandalone.Extensions.dll
Registered in 0.017384 seconds.
Native extension for WindowsStandalone target not found
Refreshing native plugins compatible for Editor in 186.05 ms, found 4 plugins.
Preloading 0 native plugins for Editor in 0.00 ms.
Mono: successfully reloaded assembly
- Completed reload, in  1.281 seconds
Domain Reload Profiling:
	ReloadAssembly (1282ms)
		BeginReloadAssembly (154ms)
			ExecutionOrderSort (0ms)
			DisableScriptedObjects (0ms)
			BackupInstance (0ms)
			ReleaseScriptingObjects (0ms)
			CreateAndSetChildDomain (1ms)
		EndReloadAssembly (885ms)
			LoadAssemblies (149ms)
			RebuildTransferFunctionScriptingTraits (0ms)
			SetupTypeCache (206ms)
			ReleaseScriptCaches (0ms)
			RebuildScriptCaches (51ms)
			SetupLoadedEditorAssemblies (532ms)
				LogAssemblyErrors (0ms)
				InitializePlatformSupportModulesInManaged (17ms)
				SetLoadedEditorAssemblies (0ms)
				RefreshPlugins (186ms)
				BeforeProcessingInitializeOnLoad (2ms)
				ProcessInitializeOnLoadAttributes (247ms)
				ProcessInitializeOnLoadMethodAttributes (79ms)
				AfterProcessingInitializeOnLoad (0ms)
				EditorAssembliesLoaded (0ms)
			ExecutionOrderSort2 (0ms)
			AwakeInstancesAfterBackupRestoration (0ms)
Platform modules already initialized, skipping
Registering precompiled user dll's ...
Registered in 0.018353 seconds.
Begin MonoManager ReloadAssembly
Symbol file LoadedFromMemory doesn't match image C:\Users\PC\Documents\Video Game Art Design\Scripting 3 Assignments\TD-TDRPG\TD-TPRPG\TD-TDRPG\Library\PackageCache\com.unity.visualscripting@1.8.0\Editor\VisualScripting.Core\Dependencies\YamlDotNet\Unity.VisualScripting.YamlDotNet.dll
Symbol file LoadedFromMemory doesn't match image C:\Users\PC\Documents\Video Game Art Design\Scripting 3 Assignments\TD-TDRPG\TD-TPRPG\TD-TDRPG\Library\PackageCache\com.unity.visualscripting@1.8.0\Editor\VisualScripting.Core\Dependencies\DotNetZip\Unity.VisualScripting.IonicZip.dll
Native extension for WindowsStandalone target not found
Refreshing native plugins compatible for Editor in 176.27 ms, found 4 plugins.
Preloading 0 native plugins for Editor in 0.00 ms.
Mono: successfully reloaded assembly
- Completed reload, in  4.329 seconds
Domain Reload Profiling:
	ReloadAssembly (4332ms)
		BeginReloadAssembly (221ms)
			ExecutionOrderSort (0ms)
			DisableScriptedObjects (13ms)
			BackupInstance (0ms)
			ReleaseScriptingObjects (0ms)
			CreateAndSetChildDomain (37ms)
		EndReloadAssembly (3880ms)
			LoadAssemblies (181ms)
			RebuildTransferFunctionScriptingTraits (0ms)
			SetupTypeCache (420ms)
			ReleaseScriptCaches (1ms)
			RebuildScriptCaches (110ms)
			SetupLoadedEditorAssemblies (3080ms)
				LogAssemblyErrors (0ms)
				InitializePlatformSupportModulesInManaged (11ms)
				SetLoadedEditorAssemblies (0ms)
				RefreshPlugins (176ms)
				BeforeProcessingInitializeOnLoad (233ms)
				ProcessInitializeOnLoadAttributes (937ms)
				ProcessInitializeOnLoadMethodAttributes (1704ms)
				AfterProcessingInitializeOnLoad (17ms)
				EditorAssembliesLoaded (0ms)
			ExecutionOrderSort2 (0ms)
			AwakeInstancesAfterBackupRestoration (11ms)
Platform modules already initialized, skipping
========================================================================
Worker process is ready to serve import requests
Launched and connected shader compiler UnityShaderCompiler.exe after 0.14 seconds
Refreshing native plugins compatible for Editor in 1.10 ms, found 4 plugins.
Preloading 0 native plugins for Editor in 0.00 ms.
Unloading 4567 Unused Serialized files (Serialized files now loaded: 0)
Unloading 60 unused Assets / (300.0 KB). Loaded Objects now: 5017.
Memory consumption went from 171.7 MB to 171.4 MB.
Total: 6.315000 ms (FindLiveObjects: 0.456000 ms CreateObjectMapping: 0.462000 ms MarkObjects: 5.160200 ms  DeleteObjects: 0.235600 ms)

AssetImportParameters requested are different than current active one (requested -> active):
  custom:video-decoder-ogg-theora: a1e56fd34408186e4bbccfd4996cb3dc -> 
  custom:container-muxer-webm: aa71ff27fc2769a1b78a27578f13a17b -> 
  custom:container-demuxer-webm: 4f35f7cbe854078d1ac9338744f61a02 -> 
  custom:video-encoder-webm-vp8: eb34c28f22e8b96e1ab97ce403110664 -> 
  custom:audio-encoder-webm-vorbis: bf7c407c2cedff20999df2af8eb42d56 -> 
  custom:framework-win-MediaFoundation: 216162199b28c13a410421893ffa2e32 -> 
  custom:container-demuxer-ogg: 62fdf1f143b41e24485cea50d1cbac27 -> 
  custom:video-decoder-webm-vp8: 9c59270c3fd7afecdb556c50c9e8de78 -> 
  custom:audio-decoder-ogg-vorbis: bf7c407c2cedff20999df2af8eb42d56 -> 
========================================================================
Received Import Request.
  Time since last request: 1662243.060985 seconds.
  path: Assets/Prefabs/Animations/PlayerAttackUp.anim
  artifactKey: Guid(9e1f4d32a2bacdc4e80299c5a46e1a53) Importer(815301076,1909f56bfc062723c751e8b465ee728b)
Start importing Assets/Prefabs/Animations/PlayerAttackUp.anim using Guid(9e1f4d32a2bacdc4e80299c5a46e1a53) Importer(815301076,1909f56bfc062723c751e8b465ee728b)  -> (artifact id: 'eb87d9eae7d60291f440161014cd14ed') in 0.172348 seconds 
========================================================================
Received Import Request.
  Time since last request: 1427.957400 seconds.
  path: Assets/Prefabs/PlayerInputActions.inputactions
  artifactKey: Guid(1b346b7713644bf4a83a724bc33d00b8) Importer(815301076,1909f56bfc062723c751e8b465ee728b)
Start importing Assets/Prefabs/PlayerInputActions.inputactions using Guid(1b346b7713644bf4a83a724bc33d00b8) Importer(815301076,1909f56bfc062723c751e8b465ee728b)  -> (artifact id: '126a2022e97a513ed57a53a14ca4dc6b') in 0.043773 seconds 
========================================================================
Received Import Request.
  Time since last request: 269.745680 seconds.
  path: Assets/Porforever/Assets/Sprites/small Potions.png
  artifactKey: Guid(ddf8838d0a06d8d4c9dec9e3bed69260) Importer(815301076,1909f56bfc062723c751e8b465ee728b)
Start importing Assets/Porforever/Assets/Sprites/small Potions.png using Guid(ddf8838d0a06d8d4c9dec9e3bed69260) Importer(815301076,1909f56bfc062723c751e8b465ee728b)  -> (artifact id: '96f9936383b1cf1420cf89aa876e4d8b') in 0.194383 seconds 
========================================================================
Received Import Request.
  Time since last request: 642.389008 seconds.
  path: Assets/Pet Cats pack/Sprites/Cat-1/Cat-1-Itch.png
  artifactKey: Guid(ff2f12d0c1d616742a807c701855de77) Importer(815301076,1909f56bfc062723c751e8b465ee728b)
Start importing Assets/Pet Cats pack/Sprites/Cat-1/Cat-1-Itch.png using Guid(ff2f12d0c1d616742a807c701855de77) Importer(815301076,1909f56bfc062723c751e8b465ee728b)  -> (artifact id: '04c09a1f5eb57203c0a357cdf2cda080') in 0.033848 seconds 
========================================================================
Received Import Request.
  Time since last request: 0.000058 seconds.
  path: Assets/Pet Cats pack/Sprites/Cat-1/Cat-1-Sleeping2.png
  artifactKey: Guid(044a4b89ca47e3b42a62e26bd2095be9) Importer(815301076,1909f56bfc062723c751e8b465ee728b)
Start importing Assets/Pet Cats pack/Sprites/Cat-1/Cat-1-Sleeping2.png using Guid(044a4b89ca47e3b42a62e26bd2095be9) Importer(815301076,1909f56bfc062723c751e8b465ee728b)  -> (artifact id: 'ccc74bb60183b912202a1706b62fdee7') in 0.030540 seconds 
========================================================================
Received Import Request.
  Time since last request: 0.000051 seconds.
  path: Assets/Pet Cats pack/Sprites/Cat-1/Cat-1-Stretching.png
  artifactKey: Guid(0ae325c88b34e2b409695fa9aa6f7ad8) Importer(815301076,1909f56bfc062723c751e8b465ee728b)
Start importing Assets/Pet Cats pack/Sprites/Cat-1/Cat-1-Stretching.png using Guid(0ae325c88b34e2b409695fa9aa6f7ad8) Importer(815301076,1909f56bfc062723c751e8b465ee728b)  -> (artifact id: '9ba7452ab6be7d3351eefd9484723da7') in 0.078146 seconds 
========================================================================
Received Import Request.
  Time since last request: 0.000032 seconds.
  path: Assets/Pet Cats pack/Sprites/Cat-1/Cat-1-Meow.png
  artifactKey: Guid(a7dd92e6bf1f4244a85147857743bd79) Importer(815301076,1909f56bfc062723c751e8b465ee728b)
Start importing Assets/Pet Cats pack/Sprites/Cat-1/Cat-1-Meow.png using Guid(a7dd92e6bf1f4244a85147857743bd79) Importer(815301076,1909f56bfc062723c751e8b465ee728b)  -> (artifact id: 'f37c0a4fa04948a8fc3c3ce5b7d6c0df') in 0.042207 seconds 
========================================================================
Received Import Request.
  Time since last request: 0.000045 seconds.
  path: Assets/Pet Cats pack/Sprites/Cat-1/Cat-1-Walk.png
  artifactKey: Guid(575eda94bad32984fa4935919f2c1b1b) Importer(815301076,1909f56bfc062723c751e8b465ee728b)
Start importing Assets/Pet Cats pack/Sprites/Cat-1/Cat-1-Walk.png using Guid(575eda94bad32984fa4935919f2c1b1b) Importer(815301076,1909f56bfc062723c751e8b465ee728b)  -> (artifact id: '9b9d5fdeba7aa56c5068f900364f5f6c') in 0.061123 seconds 
========================================================================
Received Import Request.
  Time since last request: 0.000035 seconds.
  path: Assets/Pet Cats pack/Sprites/Cat-1/Cat-1-Run.png
  artifactKey: Guid(2ad3cc18f9a18b048a10527d2aa6ae46) Importer(815301076,1909f56bfc062723c751e8b465ee728b)
Start importing Assets/Pet Cats pack/Sprites/Cat-1/Cat-1-Run.png using Guid(2ad3cc18f9a18b048a10527d2aa6ae46) Importer(815301076,1909f56bfc062723c751e8b465ee728b)  -> (artifact id: 'c9ea1dca39f7df1c1966e9e58fb48846') in 0.058487 seconds 
========================================================================
Received Import Request.
  Time since last request: 3.155896 seconds.
  path: Assets/Pet Cats pack/Sprites/Cat-2/Cat-2-Itch.png
  artifactKey: Guid(5489b541156c65344b7c3a1ba7f5e284) Importer(815301076,1909f56bfc062723c751e8b465ee728b)
Start importing Assets/Pet Cats pack/Sprites/Cat-2/Cat-2-Itch.png using Guid(5489b541156c65344b7c3a1ba7f5e284) Importer(815301076,1909f56bfc062723c751e8b465ee728b)  -> (artifact id: '1f6a693d4c8e383b4e4c18f60d976fcb') in 0.031051 seconds 
========================================================================
Received Import Request.
  Time since last request: 0.000079 seconds.
  path: Assets/Pet Cats pack/Sprites/Cat-2/Cat-2-Sitting.png
  artifactKey: Guid(4282a1e20e673d943a10aa8a0fdf40fc) Importer(815301076,1909f56bfc062723c751e8b465ee728b)
Start importing Assets/Pet Cats pack/Sprites/Cat-2/Cat-2-Sitting.png using Guid(4282a1e20e673d943a10aa8a0fdf40fc) Importer(815301076,1909f56bfc062723c751e8b465ee728b)  -> (artifact id: 'e3320f56a4677150d5afcac66c05f274') in 0.021223 seconds 
========================================================================
Received Import Request.
  Time since last request: 0.000053 seconds.
  path: Assets/Pet Cats pack/Sprites/Cat-2/Cat-2-Sleeping2.png
  artifactKey: Guid(0e37b2279198f31458e0c161688379fd) Importer(815301076,1909f56bfc062723c751e8b465ee728b)
Start importing Assets/Pet Cats pack/Sprites/Cat-2/Cat-2-Sleeping2.png using Guid(0e37b2279198f31458e0c161688379fd) Importer(815301076,1909f56bfc062723c751e8b465ee728b)  -> (artifact id: '10ec6719777e0bb9af7dfe89fef0ffa0') in 0.028953 seconds 
========================================================================
Received Import Request.
  Time since last request: 0.000034 seconds.
  path: Assets/Pet Cats pack/Sprites/Cat-2/Cat-2-Laying.png
  artifactKey: Guid(e95e0487b3b9dc744a33314e8ab4a312) Importer(815301076,1909f56bfc062723c751e8b465ee728b)
Start importing Assets/Pet Cats pack/Sprites/Cat-2/Cat-2-Laying.png using Guid(e95e0487b3b9dc744a33314e8ab4a312) Importer(815301076,1909f56bfc062723c751e8b465ee728b)  -> (artifact id: '00eed9db8152fb36956ee4a510353eba') in 0.051292 seconds 
========================================================================
Received Import Request.
  Time since last request: 0.000034 seconds.
  path: Assets/Pet Cats pack/Sprites/Cat-2/Cat-2-Licking 1.png
  artifactKey: Guid(d2362876c3ea354468cb7816614b03eb) Importer(815301076,1909f56bfc062723c751e8b465ee728b)
Start importing Assets/Pet Cats pack/Sprites/Cat-2/Cat-2-Licking 1.png using Guid(d2362876c3ea354468cb7816614b03eb) Importer(815301076,1909f56bfc062723c751e8b465ee728b)  -> (artifact id: '341377e505a4e32de0236ee3de33f331') in 0.031606 seconds 
========================================================================
Received Import Request.
  Time since last request: 0.000036 seconds.
  path: Assets/Pet Cats pack/Sprites/Cat-2/Cat-2-Run.png
  artifactKey: Guid(98f7b2ab72126f044b2da2e5cd2e43af) Importer(815301076,1909f56bfc062723c751e8b465ee728b)
Start importing Assets/Pet Cats pack/Sprites/Cat-2/Cat-2-Run.png using Guid(98f7b2ab72126f044b2da2e5cd2e43af) Importer(815301076,1909f56bfc062723c751e8b465ee728b)  -> (artifact id: '3e5998c6f4ba163432d6170f29202496') in 0.040883 seconds 
========================================================================
Received Import Request.
  Time since last request: 0.701541 seconds.
  path: Assets/Pet Cats pack/Sprites/Cat-3/Cat-3-Itch.png
  artifactKey: Guid(39bc1aaa13d055647933e61902b43f48) Importer(815301076,1909f56bfc062723c751e8b465ee728b)
Start importing Assets/Pet Cats pack/Sprites/Cat-3/Cat-3-Itch.png using Guid(39bc1aaa13d055647933e61902b43f48) Importer(815301076,1909f56bfc062723c751e8b465ee728b)  -> (artifact id: '3bf18672d5dc7d1a36d1b3d2c07d7009') in 0.029440 seconds 
========================================================================
Received Import Request.
  Time since last request: 0.000044 seconds.
  path: Assets/Pet Cats pack/Sprites/Cat-3/Cat-3-Meow.png
  artifactKey: Guid(a2afc885a9327ea4abff70bb21660037) Importer(815301076,1909f56bfc062723c751e8b465ee728b)
Start importing Assets/Pet Cats pack/Sprites/Cat-3/Cat-3-Meow.png using Guid(a2afc885a9327ea4abff70bb21660037) Importer(815301076,1909f56bfc062723c751e8b465ee728b)  -> (artifact id: '67db3348c4d84f1c2620517d5f0b6cf2') in 0.030035 seconds 
========================================================================
Received Import Request.
  Time since last request: 0.000041 seconds.
  path: Assets/Pet Cats pack/Sprites/Cat-3/Cat-3-Licking 1.png
  artifactKey: Guid(4ca7baa634788174db3724bd72751d5c) Importer(815301076,1909f56bfc062723c751e8b465ee728b)
Start importing Assets/Pet Cats pack/Sprites/Cat-3/Cat-3-Licking 1.png using Guid(4ca7baa634788174db3724bd72751d5c) Importer(815301076,1909f56bfc062723c751e8b465ee728b)  -> (artifact id: 'dd11ba3013ff638b487b79ce9377a291') in 0.035086 seconds 
========================================================================
Received Import Request.
  Time since last request: 0.000025 seconds.
  path: Assets/Pet Cats pack/Sprites/Cat-3/Cat-3-Licking 2.png
  artifactKey: Guid(23e668bde187f524c9d614b7b157c5f6) Importer(815301076,1909f56bfc062723c751e8b465ee728b)
Start importing Assets/Pet Cats pack/Sprites/Cat-3/Cat-3-Licking 2.png using Guid(23e668bde187f524c9d614b7b157c5f6) Importer(815301076,1909f56bfc062723c751e8b465ee728b)  -> (artifact id: '2f072639417d3a69f856a72c433c3005') in 0.037219 seconds 
========================================================================
Received Import Request.
  Time since last request: 0.000040 seconds.
  path: Assets/Pet Cats pack/Sprites/Cat-3/Cat-3-Laying.png
  artifactKey: Guid(6e98cff7a344aae4bbd1892df8a10059) Importer(815301076,1909f56bfc062723c751e8b465ee728b)
Start importing Assets/Pet Cats pack/Sprites/Cat-3/Cat-3-Laying.png using Guid(6e98cff7a344aae4bbd1892df8a10059) Importer(815301076,1909f56bfc062723c751e8b465ee728b)  -> (artifact id: '5b41f679a1c25fab635bfee943efb8e3') in 0.048847 seconds 
========================================================================
Received Import Request.
  Time since last request: 0.000038 seconds.
  path: Assets/Pet Cats pack/Sprites/Cat-3/Cat-3-Stretching.png
  artifactKey: Guid(da5ed023efa2f2e4fb430ca29f20fee5) Importer(815301076,1909f56bfc062723c751e8b465ee728b)
Start importing Assets/Pet Cats pack/Sprites/Cat-3/Cat-3-Stretching.png using Guid(da5ed023efa2f2e4fb430ca29f20fee5) Importer(815301076,1909f56bfc062723c751e8b465ee728b)  -> (artifact id: 'b0fc53b51e263bb9a36082492ee3ab7a') in 0.058531 seconds 
========================================================================
Received Import Request.
  Time since last request: 1.157491 seconds.
  path: Assets/Pet Cats pack/Sprites/Cat-4/Cat-4-Itch.png
  artifactKey: Guid(d50d7152b79da954d99d91bc22bdf2ea) Importer(815301076,1909f56bfc062723c751e8b465ee728b)
Start importing Assets/Pet Cats pack/Sprites/Cat-4/Cat-4-Itch.png using Guid(d50d7152b79da954d99d91bc22bdf2ea) Importer(815301076,1909f56bfc062723c751e8b465ee728b)  -> (artifact id: 'd8fdad9cee4bd48507302080da0eee33') in 0.030924 seconds 
========================================================================
Received Import Request.
  Time since last request: 0.000039 seconds.
  path: Assets/Pet Cats pack/Sprites/Cat-4/Cat-4-Walk.png
  artifactKey: Guid(9aa7249709763ea4c86134fef8dba5a5) Importer(815301076,1909f56bfc062723c751e8b465ee728b)
Start importing Assets/Pet Cats pack/Sprites/Cat-4/Cat-4-Walk.png using Guid(9aa7249709763ea4c86134fef8dba5a5) Importer(815301076,1909f56bfc062723c751e8b465ee728b)  -> (artifact id: 'd1937b8e825422e32b6332544d5a0837') in 0.042038 seconds 
========================================================================
Received Import Request.
  Time since last request: 0.000055 seconds.
  path: Assets/Pet Cats pack/Sprites/Cat-4/Cat-4-Licking 1.png
  artifactKey: Guid(1da54fb549f0d20479096a395c4e037f) Importer(815301076,1909f56bfc062723c751e8b465ee728b)
Start importing Assets/Pet Cats pack/Sprites/Cat-4/Cat-4-Licking 1.png using Guid(1da54fb549f0d20479096a395c4e037f) Importer(815301076,1909f56bfc062723c751e8b465ee728b)  -> (artifact id: '2a8c14d3a291b329ae3181130f35fc4b') in 0.033505 seconds 
========================================================================
Received Import Request.
  Time since last request: 0.000043 seconds.
  path: Assets/Pet Cats pack/Sprites/Cat-4/Cat-4-Sitting.png
  artifactKey: Guid(5a7b7a2372c9d36468409b34488877d9) Importer(815301076,1909f56bfc062723c751e8b465ee728b)
Start importing Assets/Pet Cats pack/Sprites/Cat-4/Cat-4-Sitting.png using Guid(5a7b7a2372c9d36468409b34488877d9) Importer(815301076,1909f56bfc062723c751e8b465ee728b)  -> (artifact id: '73487be902821b41df8fa9116dc9cc62') in 0.026210 seconds 
========================================================================
Received Import Request.
  Time since last request: 0.000029 seconds.
  path: Assets/Pet Cats pack/Sprites/Cat-4/Cat-4-Sleeping2.png
  artifactKey: Guid(52b8c34256f87954cbafb9da31cf8d9b) Importer(815301076,1909f56bfc062723c751e8b465ee728b)
Start importing Assets/Pet Cats pack/Sprites/Cat-4/Cat-4-Sleeping2.png using Guid(52b8c34256f87954cbafb9da31cf8d9b) Importer(815301076,1909f56bfc062723c751e8b465ee728b)  -> (artifact id: '5937119268fe46f13da8986c5ef93fac') in 0.019917 seconds 
========================================================================
Received Import Request.
  Time since last request: 0.000028 seconds.
  path: Assets/Pet Cats pack/Sprites/Cat-4/Cat-4-Stretching.png
  artifactKey: Guid(7d8bc9ff9a3bd144190a6fe40660e03d) Importer(815301076,1909f56bfc062723c751e8b465ee728b)
Start importing Assets/Pet Cats pack/Sprites/Cat-4/Cat-4-Stretching.png using Guid(7d8bc9ff9a3bd144190a6fe40660e03d) Importer(815301076,1909f56bfc062723c751e8b465ee728b)  -> (artifact id: '549c21b62842a380971191a248ceccc1') in 0.062135 seconds 
========================================================================
Received Import Request.
  Time since last request: 1.138539 seconds.
  path: Assets/Pet Cats pack/Sprites/Cat-5/Cat-5-Itch.png
  artifactKey: Guid(89468f40932ca4446877b535bcd1cf2a) Importer(815301076,1909f56bfc062723c751e8b465ee728b)
Start importing Assets/Pet Cats pack/Sprites/Cat-5/Cat-5-Itch.png using Guid(89468f40932ca4446877b535bcd1cf2a) Importer(815301076,1909f56bfc062723c751e8b465ee728b)  -> (artifact id: 'a8a30b9ec2f04ba3ca624c0530b7f35b') in 0.028642 seconds 
========================================================================
Received Import Request.
  Time since last request: 0.000031 seconds.
  path: Assets/Pet Cats pack/Sprites/Cat-5/Cat-5-Licking 2.png
  artifactKey: Guid(2c0ec4376541a6f449616aa52248985e) Importer(815301076,1909f56bfc062723c751e8b465ee728b)
Start importing Assets/Pet Cats pack/Sprites/Cat-5/Cat-5-Licking 2.png using Guid(2c0ec4376541a6f449616aa52248985e) Importer(815301076,1909f56bfc062723c751e8b465ee728b)  -> (artifact id: '7b5b50de122b523b8d88248602583c5a') in 0.031561 seconds 
========================================================================
Received Import Request.
  Time since last request: 0.000043 seconds.
  path: Assets/Pet Cats pack/Sprites/Cat-5/Cat-5-Stretching.png
  artifactKey: Guid(8ae4c5766e867744489213fe12926e42) Importer(815301076,1909f56bfc062723c751e8b465ee728b)
Start importing Assets/Pet Cats pack/Sprites/Cat-5/Cat-5-Stretching.png using Guid(8ae4c5766e867744489213fe12926e42) Importer(815301076,1909f56bfc062723c751e8b465ee728b)  -> (artifact id: 'd2a9afc6fb4697ca281adb4af841a96a') in 0.060453 seconds 
========================================================================
Received Import Request.
  Time since last request: 0.000030 seconds.
  path: Assets/Pet Cats pack/Sprites/Cat-5/Cat-5-Sleeping2.png
  artifactKey: Guid(e5d3fef910551f147a94819aa09a88fe) Importer(815301076,1909f56bfc062723c751e8b465ee728b)
Start importing Assets/Pet Cats pack/Sprites/Cat-5/Cat-5-Sleeping2.png using Guid(e5d3fef910551f147a94819aa09a88fe) Importer(815301076,1909f56bfc062723c751e8b465ee728b)  -> (artifact id: '9ddbec465312761d262f6b9c05f9e82b') in 0.022791 seconds 
========================================================================
Received Import Request.
  Time since last request: 0.000050 seconds.
  path: Assets/Pet Cats pack/Sprites/Cat-5/Cat-5-Sitting.png
  artifactKey: Guid(ce95cc2f5b9c966458d789eb4b4b2654) Importer(815301076,1909f56bfc062723c751e8b465ee728b)
Start importing Assets/Pet Cats pack/Sprites/Cat-5/Cat-5-Sitting.png using Guid(ce95cc2f5b9c966458d789eb4b4b2654) Importer(815301076,1909f56bfc062723c751e8b465ee728b)  -> (artifact id: 'd7d9708e5d4cc80ec2c0294017b8bdd3') in 0.019033 seconds 
========================================================================
Received Import Request.
  Time since last request: 0.000030 seconds.
  path: Assets/Pet Cats pack/Sprites/Cat-5/Cat-5-Run.png
  artifactKey: Guid(590af8f38727d264a9d41fd02adc7f7c) Importer(815301076,1909f56bfc062723c751e8b465ee728b)
Start importing Assets/Pet Cats pack/Sprites/Cat-5/Cat-5-Run.png using Guid(590af8f38727d264a9d41fd02adc7f7c) Importer(815301076,1909f56bfc062723c751e8b465ee728b)  -> (artifact id: '85bf3637f771d1e80568a4b2521bbc7e') in 0.040271 seconds 
========================================================================
Received Import Request.
  Time since last request: 1.022459 seconds.
  path: Assets/Pet Cats pack/Sprites/Cat-6/Cat-6-Itch.png
  artifactKey: Guid(cbdbe726a1defa24086985fdb3828285) Importer(815301076,1909f56bfc062723c751e8b465ee728b)
Start importing Assets/Pet Cats pack/Sprites/Cat-6/Cat-6-Itch.png using Guid(cbdbe726a1defa24086985fdb3828285) Importer(815301076,1909f56bfc062723c751e8b465ee728b)  -> (artifact id: 'af9e19d6b4b932b416045b86ca810972') in 0.031954 seconds 
========================================================================
Received Import Request.
  Time since last request: 0.000025 seconds.
  path: Assets/Pet Cats pack/Sprites/Cat-6/Cat-6-Walk.png
  artifactKey: Guid(49e7895c68a00054d85207e49bcc9b87) Importer(815301076,1909f56bfc062723c751e8b465ee728b)
Start importing Assets/Pet Cats pack/Sprites/Cat-6/Cat-6-Walk.png using Guid(49e7895c68a00054d85207e49bcc9b87) Importer(815301076,1909f56bfc062723c751e8b465ee728b)  -> (artifact id: 'b988553b462c736b3ab3fc0dd30a20a8') in 0.038704 seconds 
========================================================================
Received Import Request.
  Time since last request: 0.000095 seconds.
  path: Assets/Pet Cats pack/Sprites/Cat-6/Cat-6-Licking 2.png
  artifactKey: Guid(add15abfc309ef54a95af31a307ddb43) Importer(815301076,1909f56bfc062723c751e8b465ee728b)
Start importing Assets/Pet Cats pack/Sprites/Cat-6/Cat-6-Licking 2.png using Guid(add15abfc309ef54a95af31a307ddb43) Importer(815301076,1909f56bfc062723c751e8b465ee728b)  -> (artifact id: 'cde9bcb5e3176e2731cf6408c05ef03a') in 0.035777 seconds 
========================================================================
Received Import Request.
  Time since last request: 0.000051 seconds.
  path: Assets/Pet Cats pack/Sprites/Cat-6/Cat-6-Meow.png
  artifactKey: Guid(3ae5402f1d2f68c41bd1b7fd3f76fbf8) Importer(815301076,1909f56bfc062723c751e8b465ee728b)
Start importing Assets/Pet Cats pack/Sprites/Cat-6/Cat-6-Meow.png using Guid(3ae5402f1d2f68c41bd1b7fd3f76fbf8) Importer(815301076,1909f56bfc062723c751e8b465ee728b)  -> (artifact id: '656935313bef1a26f7a4877d484428d0') in 0.036933 seconds 
========================================================================
Received Import Request.
  Time since last request: 0.000037 seconds.
  path: Assets/Pet Cats pack/Sprites/Cat-6/Cat-6-Sitting.png
  artifactKey: Guid(e7ce039764af4354ba01f9f5ee067645) Importer(815301076,1909f56bfc062723c751e8b465ee728b)
Start importing Assets/Pet Cats pack/Sprites/Cat-6/Cat-6-Sitting.png using Guid(e7ce039764af4354ba01f9f5ee067645) Importer(815301076,1909f56bfc062723c751e8b465ee728b)  -> (artifact id: '177fe7e9d17039a6ad009a895d2b0493') in 0.033587 seconds 
========================================================================
Received Import Request.
  Time since last request: 0.000041 seconds.
  path: Assets/Pet Cats pack/Sprites/Cat-6/Cat-6-Sleeping2.png
  artifactKey: Guid(bd785f96a8233c046ad5d9535d8970a3) Importer(815301076,1909f56bfc062723c751e8b465ee728b)
Start importing Assets/Pet Cats pack/Sprites/Cat-6/Cat-6-Sleeping2.png using Guid(bd785f96a8233c046ad5d9535d8970a3) Importer(815301076,1909f56bfc062723c751e8b465ee728b)  -> (artifact id: '239d069318912dd292a904f7e5225ea7') in 0.022777 seconds 
========================================================================
Received Import Request.
  Time since last request: 0.000029 seconds.
  path: Assets/Pet Cats pack/Sprites/Cat-6/Cat-6-Run.png
  artifactKey: Guid(b11d658090880cc4aa9fffea6f9e4605) Importer(815301076,1909f56bfc062723c751e8b465ee728b)
Start importing Assets/Pet Cats pack/Sprites/Cat-6/Cat-6-Run.png using Guid(b11d658090880cc4aa9fffea6f9e4605) Importer(815301076,1909f56bfc062723c751e8b465ee728b)  -> (artifact id: '1888a524f76c2f2652c3c9f4bfdd42fc') in 0.039909 seconds 
